[Log]
Num=437
1=[2026-01-29 11:03:49.968] ¡Ú¡Ú¡Ú¡Ú¡Ú Perform Code Reverse Engineering ¡Ú¡Ú¡Ú¡Ú¡Ú
2=[2026-01-29 11:04:19.314] 	¢º Reverse engineering source codes...
3=[2026-01-29 11:04:19.847] 	¢º Deleting existing model element...
4=[2026-01-29 11:04:47.358] 	¢º Finding Use Case Realizations...
5=[2026-01-29 11:04:47.387] 		¡æ Use Case Rezliation : REtSWC_BMS_MainCntrl_BattStatusProcess_10ms
6=[2026-01-29 11:04:47.411] 		¡æ Use Case Rezliation : REtSWC_BMS_MainCntrl_SoX_1000ms
7=[2026-01-29 11:04:47.430] 		¡æ Use Case Rezliation : REtSWC_BMS_MainCntrl_PerfomCellBalancing_1000ms
8=[2026-01-29 11:04:47.447] 		¡æ Use Case Rezliation : REtSWC_BMS_MainCntrl_ChargeSequence_100ms
9=[2026-01-29 11:04:47.568] 		¡æ Use Case Rezliation : REtSWC_BMS_MainCntrl_HMI_Output_100ms
10=[2026-01-29 11:04:47.590] 		¡æ Use Case Rezliation : REtSWC_BMS_MainCntrl_ReportBattInfoData_10ms
11=[2026-01-29 11:04:47.605] 	¢º Reverse engineering source codes...
12=[2026-01-29 11:04:48.051] 		¡æ Adding : RteFiles
13=[2026-01-29 11:04:48.099] 		¡æ Adding : RteFiles::Compiler::RTE_CODE
14=[2026-01-29 11:04:48.132] 		¡æ Adding : RteFiles::Compiler::RTE_CONST
15=[2026-01-29 11:04:48.159] 		¡æ Adding : RteFiles::Compiler::RTE_APPL_DATA
16=[2026-01-29 11:04:48.185] 		¡æ Adding : RteFiles::Compiler::RTE_APPL_CONST
17=[2026-01-29 11:04:48.210] 		¡æ Adding : RteFiles::Compiler::RTE_APPL_CODE
18=[2026-01-29 11:04:48.229] 		¡æ Adding : RteFiles::Compiler::RTE_VAR_NOINIT
19=[2026-01-29 11:04:48.255] 		¡æ Adding : RteFiles::Compiler::RTE_VAR_POWER_ON_INIT
20=[2026-01-29 11:04:48.282] 		¡æ Adding : RteFiles::Compiler::RTE_VAR_FAST
21=[2026-01-29 11:04:48.308] 		¡æ Adding : RteFiles::Compiler::RTE_VAR
22=[2026-01-29 11:04:48.334] 		¡æ Adding : RteFiles::Compiler::AUTOMATIC
23=[2026-01-29 11:04:48.361] 		¡æ Adding : RteFiles::Compiler::TYPEDEF
24=[2026-01-29 11:04:48.656] 		¡æ Adding : RteFiles::Compiler::STATIC
25=[2026-01-29 11:04:48.691] 		¡æ Adding : RteFiles::Compiler::_STATIC_
26=[2026-01-29 11:04:48.718] 		¡æ Adding : RteFiles::Compiler::NULL_PTR
27=[2026-01-29 11:04:48.742] 		¡æ Adding : RteFiles::Compiler::INLINE
28=[2026-01-29 11:04:48.770] 		¡æ Adding : RteFiles::Compiler::_INLINE_
29=[2026-01-29 11:04:48.793] 		¡æ Adding : RteFiles::Compiler::LOCAL_INLINE
30=[2026-01-29 11:04:48.816] 		¡æ Adding : RteFiles::Compiler::FUNC
31=[2026-01-29 11:04:48.847] 		¡æ Adding : RteFiles::Compiler::FUNC_P2CONST
32=[2026-01-29 11:04:49.017] 		¡æ Adding : RteFiles::Compiler::FUNC_P2VAR
33=[2026-01-29 11:04:49.044] 		¡æ Adding : RteFiles::Compiler::P2VAR
34=[2026-01-29 11:04:49.070] 		¡æ Adding : RteFiles::Compiler::P2CONST
35=[2026-01-29 11:04:49.089] 		¡æ Adding : RteFiles::Compiler::CONSTP2VAR
36=[2026-01-29 11:04:49.108] 		¡æ Adding : RteFiles::Compiler::CONSTP2CONST
37=[2026-01-29 11:04:49.138] 		¡æ Adding : RteFiles::Compiler::P2FUNC
38=[2026-01-29 11:04:49.163] 		¡æ Adding : RteFiles::Compiler::CONST
39=[2026-01-29 11:04:49.195] 		¡æ Adding : RteFiles::Compiler::VAR
40=[2026-01-29 11:04:49.251] 		¡æ Adding : RteFiles::Platform_Types::TRUE
41=[2026-01-29 11:04:49.281] 		¡æ Adding : RteFiles::Platform_Types::FALSE
42=[2026-01-29 11:04:49.305] 		¡æ Adding : RteFiles::Platform_Types::CPU_TYPE_8
43=[2026-01-29 11:04:49.328] 		¡æ Adding : RteFiles::Platform_Types::CPU_TYPE_16
44=[2026-01-29 11:04:49.351] 		¡æ Adding : RteFiles::Platform_Types::CPU_TYPE_32
45=[2026-01-29 11:04:49.509] 		¡æ Adding : RteFiles::Platform_Types::MSB_FIRST
46=[2026-01-29 11:04:49.670] 		¡æ Adding : RteFiles::Platform_Types::LSB_FIRST
47=[2026-01-29 11:04:49.833] 		¡æ Adding : RteFiles::Platform_Types::HIGH_BYTE_FIRST
48=[2026-01-29 11:04:50.006] 		¡æ Adding : RteFiles::Platform_Types::LOW_BYTE_FIRST
49=[2026-01-29 11:04:50.182] 		¡æ Adding : RteFiles::Platform_Types::CPU_TYPE
50=[2026-01-29 11:04:50.349] 		¡æ Adding : RteFiles::Platform_Types::CPU_BIT_ORDER
51=[2026-01-29 11:04:50.508] 		¡æ Adding : RteFiles::Platform_Types::CPU_BYTE_ORDER
52=[2026-01-29 11:04:50.669] 		¡æ Adding : RteFiles::Platform_Types::uint8
53=[2026-01-29 11:04:50.835] 		¡æ Adding : RteFiles::Platform_Types::sint8
54=[2026-01-29 11:04:50.995] 		¡æ Adding : RteFiles::Platform_Types::sint16
55=[2026-01-29 11:04:51.164] 		¡æ Adding : RteFiles::Platform_Types::sint32
56=[2026-01-29 11:04:51.329] 		¡æ Adding : RteFiles::Platform_Types::sint64
57=[2026-01-29 11:04:51.502] 		¡æ Adding : RteFiles::Platform_Types::uint16
58=[2026-01-29 11:04:51.670] 		¡æ Adding : RteFiles::Platform_Types::uint32
59=[2026-01-29 11:04:51.846] 		¡æ Adding : RteFiles::Platform_Types::uint64
60=[2026-01-29 11:04:51.937] 		¡æ Adding : RteFiles::Platform_Types::sint8_least
61=[2026-01-29 11:04:52.063] 		¡æ Adding : RteFiles::Platform_Types::sint16_least
62=[2026-01-29 11:04:52.188] 		¡æ Adding : RteFiles::Platform_Types::sint32_least
63=[2026-01-29 11:04:52.320] 		¡æ Adding : RteFiles::Platform_Types::uint8_least
64=[2026-01-29 11:04:52.398] 		¡æ Adding : RteFiles::Platform_Types::uint16_least
65=[2026-01-29 11:04:52.424] 		¡æ Adding : RteFiles::Platform_Types::uint32_least
66=[2026-01-29 11:04:52.443] 		¡æ Adding : RteFiles::Platform_Types::float32
67=[2026-01-29 11:04:52.468] 		¡æ Adding : RteFiles::Platform_Types::float64
68=[2026-01-29 11:04:52.490] 		¡æ Adding : RteFiles::Platform_Types::boolean
69=[2026-01-29 11:04:52.515] 		¡æ Adding : RteFiles::Platform_Types::AUTOSAR_sint8
70=[2026-01-29 11:04:52.537] 		¡æ Adding : RteFiles::Platform_Types::AUTOSAR_sint8_least
71=[2026-01-29 11:04:52.557] 		¡æ Adding : RteFiles::Platform_Types::AUTOSAR_sint16
72=[2026-01-29 11:04:52.579] 		¡æ Adding : RteFiles::Platform_Types::AUTOSAR_sint16_least
73=[2026-01-29 11:04:52.601] 		¡æ Adding : RteFiles::Platform_Types::AUTOSAR_sint32
74=[2026-01-29 11:04:52.623] 		¡æ Adding : RteFiles::Platform_Types::AUTOSAR_sint32_least
75=[2026-01-29 11:04:52.647] 		¡æ Adding : RteFiles::Platform_Types::AUTOSAR_sint64
76=[2026-01-29 11:04:52.673] 		¡æ Adding : RteFiles::Platform_Types::AUTOSAR_uint8
77=[2026-01-29 11:04:52.700] 		¡æ Adding : RteFiles::Platform_Types::AUTOSAR_uint8_least
78=[2026-01-29 11:04:52.726] 		¡æ Adding : RteFiles::Platform_Types::AUTOSAR_uint16
79=[2026-01-29 11:04:52.747] 		¡æ Adding : RteFiles::Platform_Types::AUTOSAR_uint16_least
80=[2026-01-29 11:04:52.773] 		¡æ Adding : RteFiles::Platform_Types::AUTOSAR_uint32
81=[2026-01-29 11:04:52.797] 		¡æ Adding : RteFiles::Platform_Types::AUTOSAR_uint32_least
82=[2026-01-29 11:04:52.825] 		¡æ Adding : RteFiles::Platform_Types::AUTOSAR_uint64
83=[2026-01-29 11:04:52.850] 		¡æ Adding : RteFiles::Platform_Types::AUTOSAR_float32
84=[2026-01-29 11:04:52.881] 		¡æ Adding : RteFiles::Platform_Types::AUTOSAR_float64
85=[2026-01-29 11:04:53.022] 		¡æ Adding : RteFiles::Platform_Types::AUTOSAR_boolean
86=[2026-01-29 11:04:53.485] 		¡æ Adding : RteFiles::Rte::Std_Types
87=[2026-01-29 11:04:53.612] 		¡æ Adding : RteFiles::Rte::RTE_E_OK
88=[2026-01-29 11:04:53.692] 		¡æ Adding : RteFiles::Rte::RTE_E_INVALID
89=[2026-01-29 11:04:53.713] 		¡æ Adding : RteFiles::Rte::RTE_E_COMMS_ERROR
90=[2026-01-29 11:04:53.738] 		¡æ Adding : RteFiles::Rte::RTE_E_COM_STOPPED
91=[2026-01-29 11:04:53.770] 		¡æ Adding : RteFiles::Rte::RTE_E_TIMEOUT
92=[2026-01-29 11:04:53.809] 		¡æ Adding : RteFiles::Rte::RTE_E_LIMIT
93=[2026-01-29 11:04:53.840] 		¡æ Adding : RteFiles::Rte::RTE_E_NO_DATA
94=[2026-01-29 11:04:53.861] 		¡æ Adding : RteFiles::Rte::RTE_E_TRANSMIT_ACK
95=[2026-01-29 11:04:53.881] 		¡æ Adding : RteFiles::Rte::RTE_E_NEVER_RECEIVED
96=[2026-01-29 11:04:53.904] 		¡æ Adding : RteFiles::Rte::RTE_E_LOST_DATA
97=[2026-01-29 11:04:54.023] 		¡æ Adding : RteFiles::Rte::RTE_E_MAX_AGE_EXCEEDED
98=[2026-01-29 11:04:54.149] 		¡æ Adding : RteFiles::Rte::RTE_E_SHUTDOWN_NOTIFICATION
99=[2026-01-29 11:04:54.337] 		¡æ Adding : RteFiles::Rte::RTE_E_UNCONNECTED
100=[2026-01-29 11:04:54.472] 		¡æ Adding : RteFiles::Rte::RTE_TRANSFORMER_UNSPECIFIED
101=[2026-01-29 11:04:54.591] 		¡æ Adding : RteFiles::Rte::RTE_TRANSFORMER_SERIALIZER
102=[2026-01-29 11:04:54.716] 		¡æ Adding : RteFiles::Rte::RTE_TRANSFORMER_SAFETY
103=[2026-01-29 11:04:54.841] 		¡æ Adding : RteFiles::Rte::RTE_TRANSFORMER_SECURITY
104=[2026-01-29 11:04:54.977] 		¡æ Adding : RteFiles::Rte::RTE_TRANSFORMER_CUSTOM
105=[2026-01-29 11:04:55.106] 		¡æ Adding : RteFiles::Rte::Rte_IsInfrastructureError
106=[2026-01-29 11:04:55.239] 		¡æ Adding : RteFiles::Rte::Rte_HasOverlayedError
107=[2026-01-29 11:04:55.380] 		¡æ Adding : RteFiles::Rte::Rte_ApplicationError
108=[2026-01-29 11:04:55.846] 		¡æ Adding : RteFiles::Rte_Internals::Rte_Type
109=[2026-01-29 11:04:55.980] 		¡æ Adding : RteFiles::Rte_Internals::Rte_ReceiverBuffer_SWC_BMS_MainCntrl_R_CellMeasData_Type
110=[2026-01-29 11:04:56.127] 		¡æ Adding : RteFiles::Rte_Internals::Rte_ReceiverBuffer_SWC_BMS_MainCntrl_R_CurrMeasData_Type
111=[2026-01-29 11:04:56.191] 		¡æ Adding : RteFiles::Rte_Internals::Rte_ReceiverBuffer_SWC_BMS_MainCntrl_R_FaultFlag_Type
112=[2026-01-29 11:04:57.193] 		¡æ Adding : RteFiles::Rte_Internals::Rte_ReceiverBuffer_SWC_BMS_MainCntrl_R_TempMeasData_Type
113=[2026-01-29 11:04:57.312] 		¡æ Adding : RteFiles::Rte_Internals::Rte_ReceiverBuffer_SWC_BMS_MainCntrl_R_VcuCanCmd_Type
114=[2026-01-29 11:04:57.374] 		¡æ Adding : RteFiles::Rte_Internals::Rte_ReceiverBuffer_SWC_BMS_MainCntrl_R_SignalInput_Type
115=[2026-01-29 11:04:57.436] 		¡æ Adding : RteFiles::Rte_Internals::Rte_BufferDataStructureType
116=[2026-01-29 11:04:57.705] 		¡æ Adding : RteFiles::Rte_SWC_BMS_MainCntrl::Rte_SWC_BMS_MainCntrl_Type
117=[2026-01-29 11:04:57.737] 		¡æ Adding : RteFiles::Rte_SWC_BMS_MainCntrl::Rte_Call_R_CellBalanceReq_cellBalanceDisable
118=[2026-01-29 11:04:57.770] 		¡æ Adding : RteFiles::Rte_SWC_BMS_MainCntrl::Rte_Call_R_CellBalanceReq_cellBalanceEnable
119=[2026-01-29 11:04:57.798] 		¡æ Adding : RteFiles::Rte_SWC_BMS_MainCntrl::Rte_Call_R_ChgData_chargeSequenceCtrl
120=[2026-01-29 11:04:57.825] 		¡æ Adding : RteFiles::Rte_SWC_BMS_MainCntrl::Rte_Call_R_RelayControlReq_relayDisableReq
121=[2026-01-29 11:04:57.859] 		¡æ Adding : RteFiles::Rte_SWC_BMS_MainCntrl::Rte_Call_R_RelayControlReq_relayEnableReq
122=[2026-01-29 11:04:57.891] 		¡æ Adding : RteFiles::Rte_SWC_BMS_MainCntrl::Rte_Call_R_SocCalc_calculateCapacity
123=[2026-01-29 11:04:57.918] 		¡æ Adding : RteFiles::Rte_SWC_BMS_MainCntrl::Rte_Call_R_SocCalc_calculateSoc
124=[2026-01-29 11:04:57.953] 		¡æ Adding : RteFiles::Rte_SWC_BMS_MainCntrl::Rte_Call_R_SocCalc_calculateSoh
125=[2026-01-29 11:04:58.163] 		¡æ Adding : RteFiles::Rte_SWC_BMS_MainCntrl::Rte_Read_R_CellMeasData_cellSerialNum
126=[2026-01-29 11:04:58.294] 		¡æ Adding : RteFiles::Rte_SWC_BMS_MainCntrl::Rte_Read_R_CellMeasData_cellVoltageAverage
127=[2026-01-29 11:04:58.420] 		¡æ Adding : RteFiles::Rte_SWC_BMS_MainCntrl::Rte_Read_R_CellMeasData_cellVoltageIndividual
128=[2026-01-29 11:04:58.552] 		¡æ Adding : RteFiles::Rte_SWC_BMS_MainCntrl::Rte_Read_R_CellMeasData_cellVoltageMax
129=[2026-01-29 11:04:58.640] 		¡æ Adding : RteFiles::Rte_SWC_BMS_MainCntrl::Rte_Read_R_CellMeasData_cellVoltageMin
130=[2026-01-29 11:04:58.676] 		¡æ Adding : RteFiles::Rte_SWC_BMS_MainCntrl::Rte_Read_R_CellMeasData_ibpLevel
131=[2026-01-29 11:04:58.711] 		¡æ Adding : RteFiles::Rte_SWC_BMS_MainCntrl::Rte_Read_R_CellMeasData_packVoltageSum
132=[2026-01-29 11:04:58.736] 		¡æ Adding : RteFiles::Rte_SWC_BMS_MainCntrl::Rte_Read_R_CurrMeasData_packCurrent
133=[2026-01-29 11:04:58.768] 		¡æ Adding : RteFiles::Rte_SWC_BMS_MainCntrl::Rte_Read_R_FaultFlag_errChargeOverTemp
134=[2026-01-29 11:04:58.797] 		¡æ Adding : RteFiles::Rte_SWC_BMS_MainCntrl::Rte_Read_R_FaultFlag_errChargeUnderTemp
135=[2026-01-29 11:04:58.832] 		¡æ Adding : RteFiles::Rte_SWC_BMS_MainCntrl::Rte_Read_R_FaultFlag_errDischargeOverTemp
136=[2026-01-29 11:04:58.868] 		¡æ Adding : RteFiles::Rte_SWC_BMS_MainCntrl::Rte_Read_R_FaultFlag_errDischargeUnderTemp
137=[2026-01-29 11:04:58.897] 		¡æ Adding : RteFiles::Rte_SWC_BMS_MainCntrl::Rte_Read_R_FaultFlag_errIsolation
138=[2026-01-29 11:04:58.922] 		¡æ Adding : RteFiles::Rte_SWC_BMS_MainCntrl::Rte_Read_R_FaultFlag_errOverCellVmax
139=[2026-01-29 11:04:58.954] 		¡æ Adding : RteFiles::Rte_SWC_BMS_MainCntrl::Rte_Read_R_FaultFlag_errOverCharge
140=[2026-01-29 11:04:58.978] 		¡æ Adding : RteFiles::Rte_SWC_BMS_MainCntrl::Rte_Read_R_FaultFlag_errOverChargeCurrent
141=[2026-01-29 11:04:59.106] 		¡æ Adding : RteFiles::Rte_SWC_BMS_MainCntrl::Rte_Read_R_FaultFlag_errOverDischarge
142=[2026-01-29 11:04:59.232] 		¡æ Adding : RteFiles::Rte_SWC_BMS_MainCntrl::Rte_Read_R_FaultFlag_errOverDischargeCurrent
143=[2026-01-29 11:04:59.359] 		¡æ Adding : RteFiles::Rte_SWC_BMS_MainCntrl::Rte_Read_R_FaultFlag_errOverIbp
144=[2026-01-29 11:04:59.483] 		¡æ Adding : RteFiles::Rte_SWC_BMS_MainCntrl::Rte_Read_R_FaultFlag_errUnderCellVmin
145=[2026-01-29 11:04:59.561] 		¡æ Adding : RteFiles::Rte_SWC_BMS_MainCntrl::Rte_Read_R_FaultFlag_warnChargeOverTemp
146=[2026-01-29 11:04:59.596] 		¡æ Adding : RteFiles::Rte_SWC_BMS_MainCntrl::Rte_Read_R_FaultFlag_warnChargeUnderTemp
147=[2026-01-29 11:04:59.627] 		¡æ Adding : RteFiles::Rte_SWC_BMS_MainCntrl::Rte_Read_R_FaultFlag_warnDischargeOverTemp
148=[2026-01-29 11:04:59.660] 		¡æ Adding : RteFiles::Rte_SWC_BMS_MainCntrl::Rte_Read_R_FaultFlag_warnDischargeUnderTemp
149=[2026-01-29 11:04:59.690] 		¡æ Adding : RteFiles::Rte_SWC_BMS_MainCntrl::Rte_Read_R_FaultFlag_warnOverCellVmax
150=[2026-01-29 11:04:59.712] 		¡æ Adding : RteFiles::Rte_SWC_BMS_MainCntrl::Rte_Read_R_FaultFlag_warnOverCharge
151=[2026-01-29 11:04:59.734] 		¡æ Adding : RteFiles::Rte_SWC_BMS_MainCntrl::Rte_Read_R_FaultFlag_warnOverChargeCurrent
152=[2026-01-29 11:04:59.758] 		¡æ Adding : RteFiles::Rte_SWC_BMS_MainCntrl::Rte_Read_R_FaultFlag_warnOverDisCharge
153=[2026-01-29 11:04:59.781] 		¡æ Adding : RteFiles::Rte_SWC_BMS_MainCntrl::Rte_Read_R_FaultFlag_warnOverDischargeCurrent
154=[2026-01-29 11:04:59.802] 		¡æ Adding : RteFiles::Rte_SWC_BMS_MainCntrl::Rte_Read_R_FaultFlag_warnOverIbp
155=[2026-01-29 11:04:59.823] 		¡æ Adding : RteFiles::Rte_SWC_BMS_MainCntrl::Rte_Read_R_FaultFlag_warnUnderCellVmin
156=[2026-01-29 11:04:59.846] 		¡æ Adding : RteFiles::Rte_SWC_BMS_MainCntrl::Rte_Read_R_SignalInput_chargeConnectedFlag
157=[2026-01-29 11:04:59.872] 		¡æ Adding : RteFiles::Rte_SWC_BMS_MainCntrl::Rte_Read_R_SignalInput_ignSignal
158=[2026-01-29 11:04:59.894] 		¡æ Adding : RteFiles::Rte_SWC_BMS_MainCntrl::Rte_Read_R_TempMeasData_cellTempAverage
159=[2026-01-29 11:04:59.918] 		¡æ Adding : RteFiles::Rte_SWC_BMS_MainCntrl::Rte_Read_R_TempMeasData_cellTempMax
160=[2026-01-29 11:04:59.942] 		¡æ Adding : RteFiles::Rte_SWC_BMS_MainCntrl::Rte_Read_R_TempMeasData_cellTempMin
161=[2026-01-29 11:04:59.964] 		¡æ Adding : RteFiles::Rte_SWC_BMS_MainCntrl::Rte_Read_R_VcuCanCmd_bmsActionCmd
162=[2026-01-29 11:04:59.984] 		¡æ Adding : RteFiles::Rte_SWC_BMS_MainCntrl::Rte_Write_P_BattStatusFlags_Tx_cellBalancingFlag
163=[2026-01-29 11:05:00.176] 		¡æ Adding : RteFiles::Rte_SWC_BMS_MainCntrl::Rte_Write_P_BattStatusFlags_Tx_currentFaultFlags
164=[2026-01-29 11:05:00.438] 		¡æ Adding : RteFiles::Rte_SWC_BMS_MainCntrl::Rte_Write_P_BattStatusFlags_Tx_ibpFaultFlags
165=[2026-01-29 11:05:00.745] 		¡æ Adding : RteFiles::Rte_SWC_BMS_MainCntrl::Rte_Write_P_BattStatusFlags_Tx_packIsolationFaultFlag
166=[2026-01-29 11:05:01.057] 		¡æ Adding : RteFiles::Rte_SWC_BMS_MainCntrl::Rte_Write_P_BattStatusFlags_Tx_tempFaultFlags
167=[2026-01-29 11:05:01.341] 		¡æ Adding : RteFiles::Rte_SWC_BMS_MainCntrl::Rte_Write_P_BattStatusFlags_Tx_voltageFaultFlags
168=[2026-01-29 11:05:01.472] 		¡æ Adding : RteFiles::Rte_SWC_BMS_MainCntrl::Rte_Write_P_ChgData_Tx_chargingStatus
169=[2026-01-29 11:05:01.593] 		¡æ Adding : RteFiles::Rte_SWC_BMS_MainCntrl::Rte_Write_P_ChgData_Tx_chgTargetCurrent
170=[2026-01-29 11:05:01.724] 		¡æ Adding : RteFiles::Rte_SWC_BMS_MainCntrl::Rte_Write_P_ChgData_Tx_chgTargetVoltage
171=[2026-01-29 11:05:01.913] 		¡æ Adding : RteFiles::Rte_SWC_BMS_MainCntrl::Rte_Write_P_HMI_SigOutput_battRalayEnableStatus
172=[2026-01-29 11:05:01.941] 		¡æ Adding : RteFiles::Rte_SWC_BMS_MainCntrl::Rte_Write_P_HMI_SigOutput_bmsFaultLevel
173=[2026-01-29 11:05:01.965] 		¡æ Adding : RteFiles::Rte_SWC_BMS_MainCntrl::Rte_Write_P_HMI_SigOutput_buzzerOutputFlag
174=[2026-01-29 11:05:01.997] 		¡æ Adding : RteFiles::Rte_SWC_BMS_MainCntrl::Rte_Write_P_HMI_SigOutput_chargingStatus
175=[2026-01-29 11:05:02.028] 		¡æ Adding : RteFiles::Rte_SWC_BMS_MainCntrl::Rte_Write_P_HMI_SigOutput_socGauge
176=[2026-01-29 11:05:02.117] 		¡æ Adding : RteFiles::Rte_SWC_BMS_MainCntrl::Rte_Write_P_PackCalculatedData_Tx_capacityLevel
177=[2026-01-29 11:05:02.213] 		¡æ Adding : RteFiles::Rte_SWC_BMS_MainCntrl::Rte_Write_P_PackCalculatedData_Tx_ibpLevel
178=[2026-01-29 11:05:02.245] 		¡æ Adding : RteFiles::Rte_SWC_BMS_MainCntrl::Rte_Write_P_PackCalculatedData_Tx_socLevel
179=[2026-01-29 11:05:02.270] 		¡æ Adding : RteFiles::Rte_SWC_BMS_MainCntrl::Rte_Write_P_PackCalculatedData_Tx_sohLevel
180=[2026-01-29 11:05:02.296] 		¡æ Adding : RteFiles::Rte_SWC_BMS_MainCntrl::Rte_Write_P_PackMeasData_Tx_bmsModeInfo
181=[2026-01-29 11:05:02.334] 		¡æ Adding : RteFiles::Rte_SWC_BMS_MainCntrl::Rte_Write_P_PackMeasData_Tx_cellTempAverage
182=[2026-01-29 11:05:02.472] 		¡æ Adding : RteFiles::Rte_SWC_BMS_MainCntrl::Rte_Write_P_PackMeasData_Tx_packCurrent
183=[2026-01-29 11:05:02.598] 		¡æ Adding : RteFiles::Rte_SWC_BMS_MainCntrl::Rte_Write_P_PackMeasData_Tx_packVoltageSum
184=[2026-01-29 11:05:02.682] 		¡æ Adding : RteFiles::Rte_SWC_BMS_MainCntrl.Rte_Inst_SWC_BMS_MainCntrl
185=[2026-01-29 11:05:02.709] 		¡æ Adding : RteFiles::Rte_SWC_BMS_MainCntrl.Rte_Call_SWC_BMS_MainCntrl_R_CellBalanceReq_cellBalanceDisable
186=[2026-01-29 11:05:02.747] 		¡æ Adding : RteFiles::Rte_SWC_BMS_MainCntrl.Rte_Call_SWC_BMS_MainCntrl_R_CellBalanceReq_cellBalanceEnable
187=[2026-01-29 11:05:02.791] 		¡æ Adding : RteFiles::Rte_SWC_BMS_MainCntrl.Rte_Call_SWC_BMS_MainCntrl_R_ChgData_chargeSequenceCtrl
188=[2026-01-29 11:05:02.846] 		¡æ Adding : RteFiles::Rte_SWC_BMS_MainCntrl.Rte_Call_SWC_BMS_MainCntrl_R_RelayControlReq_relayDisableReq
189=[2026-01-29 11:05:02.890] 		¡æ Adding : RteFiles::Rte_SWC_BMS_MainCntrl.Rte_Call_SWC_BMS_MainCntrl_R_RelayControlReq_relayEnableReq
190=[2026-01-29 11:05:02.927] 		¡æ Adding : RteFiles::Rte_SWC_BMS_MainCntrl.Rte_Call_SWC_BMS_MainCntrl_R_SocCalc_calculateCapacity
191=[2026-01-29 11:05:02.952] 		¡æ Adding : RteFiles::Rte_SWC_BMS_MainCntrl.Rte_Call_SWC_BMS_MainCntrl_R_SocCalc_calculateSoc
192=[2026-01-29 11:05:02.979] 		¡æ Adding : RteFiles::Rte_SWC_BMS_MainCntrl.Rte_Call_SWC_BMS_MainCntrl_R_SocCalc_calculateSoh
193=[2026-01-29 11:05:03.009] 		¡æ Adding : RteFiles::Rte_SWC_BMS_MainCntrl.Rte_Read_SWC_BMS_MainCntrl_R_CellMeasData_cellSerialNum
194=[2026-01-29 11:05:03.033] 		¡æ Adding : RteFiles::Rte_SWC_BMS_MainCntrl.Rte_Read_SWC_BMS_MainCntrl_R_CellMeasData_cellVoltageAverage
195=[2026-01-29 11:05:03.059] 		¡æ Adding : RteFiles::Rte_SWC_BMS_MainCntrl.Rte_Read_SWC_BMS_MainCntrl_R_CellMeasData_cellVoltageIndividual
196=[2026-01-29 11:05:03.191] 		¡æ Adding : RteFiles::Rte_SWC_BMS_MainCntrl.Rte_Read_SWC_BMS_MainCntrl_R_CellMeasData_cellVoltageMax
197=[2026-01-29 11:05:03.279] 		¡æ Adding : RteFiles::Rte_SWC_BMS_MainCntrl.Rte_Read_SWC_BMS_MainCntrl_R_CellMeasData_cellVoltageMin
198=[2026-01-29 11:05:03.313] 		¡æ Adding : RteFiles::Rte_SWC_BMS_MainCntrl.Rte_Read_SWC_BMS_MainCntrl_R_CellMeasData_ibpLevel
199=[2026-01-29 11:05:03.346] 		¡æ Adding : RteFiles::Rte_SWC_BMS_MainCntrl.Rte_Read_SWC_BMS_MainCntrl_R_CellMeasData_packVoltageSum
200=[2026-01-29 11:05:03.428] 		¡æ Adding : RteFiles::Rte_SWC_BMS_MainCntrl.Rte_Read_SWC_BMS_MainCntrl_R_CurrMeasData_packCurrent
201=[2026-01-29 11:05:03.458] 		¡æ Adding : RteFiles::Rte_SWC_BMS_MainCntrl.Rte_Read_SWC_BMS_MainCntrl_R_FaultFlag_errChargeOverTemp
202=[2026-01-29 11:05:03.487] 		¡æ Adding : RteFiles::Rte_SWC_BMS_MainCntrl.Rte_Read_SWC_BMS_MainCntrl_R_FaultFlag_errChargeUnderTemp
203=[2026-01-29 11:05:03.517] 		¡æ Adding : RteFiles::Rte_SWC_BMS_MainCntrl.Rte_Read_SWC_BMS_MainCntrl_R_FaultFlag_errDischargeOverTemp
204=[2026-01-29 11:05:03.544] 		¡æ Adding : RteFiles::Rte_SWC_BMS_MainCntrl.Rte_Read_SWC_BMS_MainCntrl_R_FaultFlag_errDischargeUnderTemp
205=[2026-01-29 11:05:03.573] 		¡æ Adding : RteFiles::Rte_SWC_BMS_MainCntrl.Rte_Read_SWC_BMS_MainCntrl_R_FaultFlag_errIsolation
206=[2026-01-29 11:05:03.703] 		¡æ Adding : RteFiles::Rte_SWC_BMS_MainCntrl.Rte_Read_SWC_BMS_MainCntrl_R_FaultFlag_errOverCellVmax
207=[2026-01-29 11:05:03.795] 		¡æ Adding : RteFiles::Rte_SWC_BMS_MainCntrl.Rte_Read_SWC_BMS_MainCntrl_R_FaultFlag_errOverCharge
208=[2026-01-29 11:05:03.836] 		¡æ Adding : RteFiles::Rte_SWC_BMS_MainCntrl.Rte_Read_SWC_BMS_MainCntrl_R_FaultFlag_errOverChargeCurrent
209=[2026-01-29 11:05:03.883] 		¡æ Adding : RteFiles::Rte_SWC_BMS_MainCntrl.Rte_Read_SWC_BMS_MainCntrl_R_FaultFlag_errOverDischarge
210=[2026-01-29 11:05:03.914] 		¡æ Adding : RteFiles::Rte_SWC_BMS_MainCntrl.Rte_Read_SWC_BMS_MainCntrl_R_FaultFlag_errOverDischargeCurrent
211=[2026-01-29 11:05:03.951] 		¡æ Adding : RteFiles::Rte_SWC_BMS_MainCntrl.Rte_Read_SWC_BMS_MainCntrl_R_FaultFlag_errOverIbp
212=[2026-01-29 11:05:03.982] 		¡æ Adding : RteFiles::Rte_SWC_BMS_MainCntrl.Rte_Read_SWC_BMS_MainCntrl_R_FaultFlag_errUnderCellVmin
213=[2026-01-29 11:05:04.011] 		¡æ Adding : RteFiles::Rte_SWC_BMS_MainCntrl.Rte_Read_SWC_BMS_MainCntrl_R_FaultFlag_warnChargeOverTemp
214=[2026-01-29 11:05:04.036] 		¡æ Adding : RteFiles::Rte_SWC_BMS_MainCntrl.Rte_Read_SWC_BMS_MainCntrl_R_FaultFlag_warnChargeUnderTemp
215=[2026-01-29 11:05:04.175] 		¡æ Adding : RteFiles::Rte_SWC_BMS_MainCntrl.Rte_Read_SWC_BMS_MainCntrl_R_FaultFlag_warnDischargeOverTemp
216=[2026-01-29 11:05:04.439] 		¡æ Adding : RteFiles::Rte_SWC_BMS_MainCntrl.Rte_Read_SWC_BMS_MainCntrl_R_FaultFlag_warnDischargeUnderTemp
217=[2026-01-29 11:05:04.470] 		¡æ Adding : RteFiles::Rte_SWC_BMS_MainCntrl.Rte_Read_SWC_BMS_MainCntrl_R_FaultFlag_warnOverCellVmax
218=[2026-01-29 11:05:04.500] 		¡æ Adding : RteFiles::Rte_SWC_BMS_MainCntrl.Rte_Read_SWC_BMS_MainCntrl_R_FaultFlag_warnOverCharge
219=[2026-01-29 11:05:04.526] 		¡æ Adding : RteFiles::Rte_SWC_BMS_MainCntrl.Rte_Read_SWC_BMS_MainCntrl_R_FaultFlag_warnOverChargeCurrent
220=[2026-01-29 11:05:04.553] 		¡æ Adding : RteFiles::Rte_SWC_BMS_MainCntrl.Rte_Read_SWC_BMS_MainCntrl_R_FaultFlag_warnOverDisCharge
221=[2026-01-29 11:05:04.588] 		¡æ Adding : RteFiles::Rte_SWC_BMS_MainCntrl.Rte_Read_SWC_BMS_MainCntrl_R_FaultFlag_warnOverDischargeCurrent
222=[2026-01-29 11:05:04.776] 		¡æ Adding : RteFiles::Rte_SWC_BMS_MainCntrl.Rte_Read_SWC_BMS_MainCntrl_R_FaultFlag_warnOverIbp
223=[2026-01-29 11:05:04.809] 		¡æ Adding : RteFiles::Rte_SWC_BMS_MainCntrl.Rte_Read_SWC_BMS_MainCntrl_R_FaultFlag_warnUnderCellVmin
224=[2026-01-29 11:05:04.841] 		¡æ Adding : RteFiles::Rte_SWC_BMS_MainCntrl.Rte_Read_SWC_BMS_MainCntrl_R_SignalInput_chargeConnectedFlag
225=[2026-01-29 11:05:04.867] 		¡æ Adding : RteFiles::Rte_SWC_BMS_MainCntrl.Rte_Read_SWC_BMS_MainCntrl_R_SignalInput_ignSignal
226=[2026-01-29 11:05:04.905] 		¡æ Adding : RteFiles::Rte_SWC_BMS_MainCntrl.Rte_Read_SWC_BMS_MainCntrl_R_TempMeasData_cellTempAverage
227=[2026-01-29 11:05:04.950] 		¡æ Adding : RteFiles::Rte_SWC_BMS_MainCntrl.Rte_Read_SWC_BMS_MainCntrl_R_TempMeasData_cellTempMax
228=[2026-01-29 11:05:04.992] 		¡æ Adding : RteFiles::Rte_SWC_BMS_MainCntrl.Rte_Read_SWC_BMS_MainCntrl_R_TempMeasData_cellTempMin
229=[2026-01-29 11:05:05.035] 		¡æ Adding : RteFiles::Rte_SWC_BMS_MainCntrl.Rte_Read_SWC_BMS_MainCntrl_R_VcuCanCmd_bmsActionCmd
230=[2026-01-29 11:05:05.075] 		¡æ Adding : RteFiles::Rte_SWC_BMS_MainCntrl.Rte_Write_SWC_BMS_MainCntrl_P_BattStatusFlags_Tx_cellBalancingFlag
231=[2026-01-29 11:05:05.163] 		¡æ Adding : RteFiles::Rte_SWC_BMS_MainCntrl.Rte_Write_SWC_BMS_MainCntrl_P_BattStatusFlags_Tx_currentFaultFlags
232=[2026-01-29 11:05:05.194] 		¡æ Adding : RteFiles::Rte_SWC_BMS_MainCntrl.Rte_Write_SWC_BMS_MainCntrl_P_BattStatusFlags_Tx_ibpFaultFlags
233=[2026-01-29 11:05:05.218] 		¡æ Adding : RteFiles::Rte_SWC_BMS_MainCntrl.Rte_Write_SWC_BMS_MainCntrl_P_BattStatusFlags_Tx_packIsolationFaultFlag
234=[2026-01-29 11:05:05.244] 		¡æ Adding : RteFiles::Rte_SWC_BMS_MainCntrl.Rte_Write_SWC_BMS_MainCntrl_P_BattStatusFlags_Tx_tempFaultFlags
235=[2026-01-29 11:05:05.273] 		¡æ Adding : RteFiles::Rte_SWC_BMS_MainCntrl.Rte_Write_SWC_BMS_MainCntrl_P_BattStatusFlags_Tx_voltageFaultFlags
236=[2026-01-29 11:05:05.307] 		¡æ Adding : RteFiles::Rte_SWC_BMS_MainCntrl.Rte_Write_SWC_BMS_MainCntrl_P_ChgData_Tx_chargingStatus
237=[2026-01-29 11:05:05.335] 		¡æ Adding : RteFiles::Rte_SWC_BMS_MainCntrl.Rte_Write_SWC_BMS_MainCntrl_P_ChgData_Tx_chgTargetCurrent
238=[2026-01-29 11:05:05.370] 		¡æ Adding : RteFiles::Rte_SWC_BMS_MainCntrl.Rte_Write_SWC_BMS_MainCntrl_P_ChgData_Tx_chgTargetVoltage
239=[2026-01-29 11:05:05.460] 		¡æ Adding : RteFiles::Rte_SWC_BMS_MainCntrl.Rte_Write_SWC_BMS_MainCntrl_P_HMI_SigOutput_battRalayEnableStatus
240=[2026-01-29 11:05:05.491] 		¡æ Adding : RteFiles::Rte_SWC_BMS_MainCntrl.Rte_Write_SWC_BMS_MainCntrl_P_HMI_SigOutput_bmsFaultLevel
241=[2026-01-29 11:05:05.529] 		¡æ Adding : RteFiles::Rte_SWC_BMS_MainCntrl.Rte_Write_SWC_BMS_MainCntrl_P_HMI_SigOutput_buzzerOutputFlag
242=[2026-01-29 11:05:05.560] 		¡æ Adding : RteFiles::Rte_SWC_BMS_MainCntrl.Rte_Write_SWC_BMS_MainCntrl_P_HMI_SigOutput_chargingStatus
243=[2026-01-29 11:05:05.593] 		¡æ Adding : RteFiles::Rte_SWC_BMS_MainCntrl.Rte_Write_SWC_BMS_MainCntrl_P_HMI_SigOutput_socGauge
244=[2026-01-29 11:05:05.692] 		¡æ Adding : RteFiles::Rte_SWC_BMS_MainCntrl.Rte_Write_SWC_BMS_MainCntrl_P_PackCalculatedData_Tx_capacityLevel
245=[2026-01-29 11:05:05.731] 		¡æ Adding : RteFiles::Rte_SWC_BMS_MainCntrl.Rte_Write_SWC_BMS_MainCntrl_P_PackCalculatedData_Tx_ibpLevel
246=[2026-01-29 11:05:05.766] 		¡æ Adding : RteFiles::Rte_SWC_BMS_MainCntrl.Rte_Write_SWC_BMS_MainCntrl_P_PackCalculatedData_Tx_socLevel
247=[2026-01-29 11:05:05.807] 		¡æ Adding : RteFiles::Rte_SWC_BMS_MainCntrl.Rte_Write_SWC_BMS_MainCntrl_P_PackCalculatedData_Tx_sohLevel
248=[2026-01-29 11:05:05.843] 		¡æ Adding : RteFiles::Rte_SWC_BMS_MainCntrl.Rte_Write_SWC_BMS_MainCntrl_P_PackMeasData_Tx_bmsModeInfo
249=[2026-01-29 11:05:05.892] 		¡æ Adding : RteFiles::Rte_SWC_BMS_MainCntrl.Rte_Write_SWC_BMS_MainCntrl_P_PackMeasData_Tx_cellTempAverage
250=[2026-01-29 11:05:05.935] 		¡æ Adding : RteFiles::Rte_SWC_BMS_MainCntrl.Rte_Write_SWC_BMS_MainCntrl_P_PackMeasData_Tx_packCurrent
251=[2026-01-29 11:05:05.979] 		¡æ Adding : RteFiles::Rte_SWC_BMS_MainCntrl.Rte_Write_SWC_BMS_MainCntrl_P_PackMeasData_Tx_packVoltageSum
252=[2026-01-29 11:05:06.011] 		¡æ Adding : RteFiles::Rte_SWC_BMS_MainCntrl.REtSWC_BMS_MainCntrl_BattStatusProcess_10ms
253=[2026-01-29 11:05:06.043] 		¡æ Adding : RteFiles::Rte_SWC_BMS_MainCntrl.REtSWC_BMS_MainCntrl_SoX_1000ms
254=[2026-01-29 11:05:06.078] 		¡æ Adding : RteFiles::Rte_SWC_BMS_MainCntrl.REtSWC_BMS_MainCntrl_PerfomCellBalancing_1000ms
255=[2026-01-29 11:05:06.119] 		¡æ Adding : RteFiles::Rte_SWC_BMS_MainCntrl.REtSWC_BMS_MainCntrl_ChargeSequence_100ms
256=[2026-01-29 11:05:06.249] 		¡æ Adding : RteFiles::Rte_SWC_BMS_MainCntrl.REtSWC_BMS_MainCntrl_HMI_Output_100ms
257=[2026-01-29 11:05:06.342] 		¡æ Adding : RteFiles::Rte_SWC_BMS_MainCntrl.REtSWC_BMS_MainCntrl_ReportBattInfoData_10ms
258=[2026-01-29 11:05:06.748] 		¡æ Adding : RteFiles::Rte_SWC_BMS_MainCntrl_Type::Rte_Type
259=[2026-01-29 11:05:06.941] 		¡æ Adding : RteFiles::Rte_SWC_BMS_MainCntrl_Type::LOCK
260=[2026-01-29 11:05:06.971] 		¡æ Adding : RteFiles::Rte_SWC_BMS_MainCntrl_Type::ACC
261=[2026-01-29 11:05:07.007] 		¡æ Adding : RteFiles::Rte_SWC_BMS_MainCntrl_Type::ON
262=[2026-01-29 11:05:07.033] 		¡æ Adding : RteFiles::Rte_SWC_BMS_MainCntrl_Type::START
263=[2026-01-29 11:05:07.061] 		¡æ Adding : RteFiles::Rte_SWC_BMS_MainCntrl_Type::StandAlone
264=[2026-01-29 11:05:07.095] 		¡æ Adding : RteFiles::Rte_SWC_BMS_MainCntrl_Type::Standby
265=[2026-01-29 11:05:07.129] 		¡æ Adding : RteFiles::Rte_SWC_BMS_MainCntrl_Type::Driving
266=[2026-01-29 11:05:07.260] 		¡æ Adding : RteFiles::Rte_SWC_BMS_MainCntrl_Type::Charging
267=[2026-01-29 11:05:07.354] 		¡æ Adding : RteFiles::Rte_SWC_BMS_MainCntrl_Type::Shut_Down
268=[2026-01-29 11:05:07.497] 		¡æ Adding : RteFiles::Rte_SWC_BMS_MainCntrl_Type::Emergency
269=[2026-01-29 11:05:07.621] 		¡æ Adding : RteFiles::Rte_SWC_BMS_MainCntrl_Type::NotCharging
270=[2026-01-29 11:05:07.754] 		¡æ Adding : RteFiles::Rte_SWC_BMS_MainCntrl_Type::ChargerConnected
271=[2026-01-29 11:05:07.940] 		¡æ Adding : RteFiles::Rte_SWC_BMS_MainCntrl_Type::FullCharged
272=[2026-01-29 11:05:08.075] 		¡æ Adding : RteFiles::Rte_SWC_BMS_MainCntrl_Type::ChargeMalfunction
273=[2026-01-29 11:05:08.198] 		¡æ Adding : RteFiles::Rte_SWC_BMS_MainCntrl_Type::Normal
274=[2026-01-29 11:05:08.323] 		¡æ Adding : RteFiles::Rte_SWC_BMS_MainCntrl_Type::Warning
275=[2026-01-29 11:05:08.450] 		¡æ Adding : RteFiles::Rte_SWC_BMS_MainCntrl_Type::Error
276=[2026-01-29 11:05:08.572] 		¡æ Adding : RteFiles::Rte_SWC_BMS_MainCntrl_Type::Immediate
277=[2026-01-29 11:05:08.709] 		¡æ Adding : RteFiles::Rte_SWC_BMS_MainCntrl_Type::Soft
278=[2026-01-29 11:05:09.098] 		¡æ Adding : RteFiles::Rte_Type::Rte
279=[2026-01-29 11:05:09.234] 		¡æ Adding : RteFiles::Rte_Type::e_IgnStat
280=[2026-01-29 11:05:09.414] 		¡æ Adding : RteFiles::Rte_Type::e_ChgInfo
281=[2026-01-29 11:05:09.547] 		¡æ Adding : RteFiles::Rte_Type::e_VcuCanCmd
282=[2026-01-29 11:05:09.638] 		¡æ Adding : RteFiles::Rte_Type::CellVoltageData
283=[2026-01-29 11:05:09.670] 		¡æ Adding : RteFiles::Rte_Type::e_FaultLevel
284=[2026-01-29 11:05:09.803] 		¡æ Adding : RteFiles::Rte_Type::e_relayEnableSpeed
285=[2026-01-29 11:05:09.991] 		¡æ Adding : RteFiles::Rte_Type::Rte_TransformerClass
286=[2026-01-29 11:05:10.132] 		¡æ Adding : RteFiles::Rte_Type::Rte_TransformerErrorCode
287=[2026-01-29 11:05:10.314] 		¡æ Adding : RteFiles::Rte_Type::f_Voltage
288=[2026-01-29 11:05:10.902] 		¡æ Adding : RteFiles::Rte_Type::f_Temp
289=[2026-01-29 11:05:11.038] 		¡æ Adding : RteFiles::Rte_Type::f_Current
290=[2026-01-29 11:05:11.108] 		¡æ Adding : RteFiles::Rte_Type::Rte_CDS_SWC_BMS_MainCntrl
291=[2026-01-29 11:05:11.170] 		¡æ Adding : RteFiles::Rte_Type::f_Ibp
292=[2026-01-29 11:05:11.361] 		¡æ Adding : RteFiles::Rte_Type::f_IsolResist
293=[2026-01-29 11:05:11.665] 		¡æ Adding : RteFiles::Rte_Type::Rte_TransformerError
294=[2026-01-29 11:05:11.810] 		¡æ Adding : RteFiles::Std_Types::Platform_Types
295=[2026-01-29 11:05:11.842] 		¡æ Adding : RteFiles::Std_Types::Compiler
296=[2026-01-29 11:05:11.862] 		¡æ Adding : RteFiles::Std_Types::STD_HIGH
297=[2026-01-29 11:05:11.884] 		¡æ Adding : RteFiles::Std_Types::STD_LOW
298=[2026-01-29 11:05:11.905] 		¡æ Adding : RteFiles::Std_Types::STD_ACTIVE
299=[2026-01-29 11:05:11.928] 		¡æ Adding : RteFiles::Std_Types::STD_IDLE
300=[2026-01-29 11:05:11.952] 		¡æ Adding : RteFiles::Std_Types::STD_ON
301=[2026-01-29 11:05:11.976] 		¡æ Adding : RteFiles::Std_Types::STD_OFF
302=[2026-01-29 11:05:12.003] 		¡æ Adding : RteFiles::Std_Types::E_OK
303=[2026-01-29 11:05:12.025] 		¡æ Adding : RteFiles::Std_Types::E_NOT_OK
304=[2026-01-29 11:05:12.048] 		¡æ Adding : RteFiles::Std_Types::Std_ReturnType
305=[2026-01-29 11:05:12.076] 		¡æ Adding : RteFiles::Std_Types::StatusType
306=[2026-01-29 11:05:12.113] 		¡æ Adding : RteFiles::Std_Types::Std_VersionInfoType
307=[2026-01-29 11:05:12.336] 		¡æ Adding : RteFiles::Rte::Rte_Internals
308=[2026-01-29 11:05:12.364] 		¡æ Adding : RteFiles::Rte::Rte_SWC_BMS_MainCntrl
309=[2026-01-29 11:05:12.392] 		¡æ Adding : RteFiles::Rte::Std_Types
310=[2026-01-29 11:05:12.480] 		¡æ Adding : RteFiles::Rte::string
311=[2026-01-29 11:05:12.622] 		¡æ Adding : RteFiles::Rte.Rte_BDS
312=[2026-01-29 11:05:12.648] 		¡æ Adding : RteFiles::Rte.Rte_Instance_SWC_BMS_MainCntrl
313=[2026-01-29 11:05:12.682] 		¡æ Adding : RteFiles::Rte.Rte_Inst_SWC_BMS_MainCntrl
314=[2026-01-29 11:05:12.714] 		¡æ Adding : RteFiles::Rte.Rte_InitialBDS
315=[2026-01-29 11:05:12.793] 		¡æ Adding : RteFiles::Rte.Rte_Start
316=[2026-01-29 11:05:12.826] 		¡æ Adding : RteFiles::Rte.Rte_Stop
317=[2026-01-29 11:05:12.852] 		¡æ Adding : RteFiles::Rte.Rte_Call_SWC_BMS_MainCntrl_R_CellBalanceReq_cellBalanceDisable
318=[2026-01-29 11:05:12.881] 		¡æ Adding : RteFiles::Rte.Rte_Call_SWC_BMS_MainCntrl_R_CellBalanceReq_cellBalanceEnable
319=[2026-01-29 11:05:12.923] 		¡æ Adding : RteFiles::Rte.Rte_Call_SWC_BMS_MainCntrl_R_ChgData_chargeSequenceCtrl
320=[2026-01-29 11:05:12.961] 		¡æ Adding : RteFiles::Rte.Rte_Call_SWC_BMS_MainCntrl_R_RelayControlReq_relayDisableReq
321=[2026-01-29 11:05:12.985] 		¡æ Adding : RteFiles::Rte.Rte_Call_SWC_BMS_MainCntrl_R_RelayControlReq_relayEnableReq
322=[2026-01-29 11:05:13.013] 		¡æ Adding : RteFiles::Rte.Rte_Call_SWC_BMS_MainCntrl_R_SocCalc_calculateCapacity
323=[2026-01-29 11:05:13.043] 		¡æ Adding : RteFiles::Rte.Rte_Call_SWC_BMS_MainCntrl_R_SocCalc_calculateSoc
324=[2026-01-29 11:05:13.071] 		¡æ Adding : RteFiles::Rte.Rte_Call_SWC_BMS_MainCntrl_R_SocCalc_calculateSoh
325=[2026-01-29 11:05:13.103] 		¡æ Adding : RteFiles::Rte.Rte_Read_SWC_BMS_MainCntrl_R_CellMeasData_cellSerialNum
326=[2026-01-29 11:05:13.130] 		¡æ Adding : RteFiles::Rte.Rte_Read_SWC_BMS_MainCntrl_R_CellMeasData_cellVoltageAverage
327=[2026-01-29 11:05:13.157] 		¡æ Adding : RteFiles::Rte.Rte_Read_SWC_BMS_MainCntrl_R_CellMeasData_cellVoltageIndividual
328=[2026-01-29 11:05:13.189] 		¡æ Adding : RteFiles::Rte.Rte_Read_SWC_BMS_MainCntrl_R_CellMeasData_cellVoltageMax
329=[2026-01-29 11:05:13.226] 		¡æ Adding : RteFiles::Rte.Rte_Read_SWC_BMS_MainCntrl_R_CellMeasData_cellVoltageMin
330=[2026-01-29 11:05:13.440] 		¡æ Adding : RteFiles::Rte.Rte_Read_SWC_BMS_MainCntrl_R_CellMeasData_ibpLevel
331=[2026-01-29 11:05:13.541] 		¡æ Adding : RteFiles::Rte.Rte_Read_SWC_BMS_MainCntrl_R_CellMeasData_packVoltageSum
332=[2026-01-29 11:05:13.577] 		¡æ Adding : RteFiles::Rte.Rte_Read_SWC_BMS_MainCntrl_R_CurrMeasData_packCurrent
333=[2026-01-29 11:05:13.616] 		¡æ Adding : RteFiles::Rte.Rte_Read_SWC_BMS_MainCntrl_R_FaultFlag_errChargeOverTemp
334=[2026-01-29 11:05:13.659] 		¡æ Adding : RteFiles::Rte.Rte_Read_SWC_BMS_MainCntrl_R_FaultFlag_errChargeUnderTemp
335=[2026-01-29 11:05:13.703] 		¡æ Adding : RteFiles::Rte.Rte_Read_SWC_BMS_MainCntrl_R_FaultFlag_errDischargeOverTemp
336=[2026-01-29 11:05:13.733] 		¡æ Adding : RteFiles::Rte.Rte_Read_SWC_BMS_MainCntrl_R_FaultFlag_errDischargeUnderTemp
337=[2026-01-29 11:05:13.875] 		¡æ Adding : RteFiles::Rte.Rte_Read_SWC_BMS_MainCntrl_R_FaultFlag_errIsolation
338=[2026-01-29 11:05:13.963] 		¡æ Adding : RteFiles::Rte.Rte_Read_SWC_BMS_MainCntrl_R_FaultFlag_errOverCellVmax
339=[2026-01-29 11:05:13.993] 		¡æ Adding : RteFiles::Rte.Rte_Read_SWC_BMS_MainCntrl_R_FaultFlag_errOverCharge
340=[2026-01-29 11:05:14.031] 		¡æ Adding : RteFiles::Rte.Rte_Read_SWC_BMS_MainCntrl_R_FaultFlag_errOverChargeCurrent
341=[2026-01-29 11:05:14.242] 		¡æ Adding : RteFiles::Rte.Rte_Read_SWC_BMS_MainCntrl_R_FaultFlag_errOverDischarge
342=[2026-01-29 11:05:14.399] 		¡æ Adding : RteFiles::Rte.Rte_Read_SWC_BMS_MainCntrl_R_FaultFlag_errOverDischargeCurrent
343=[2026-01-29 11:05:14.494] 		¡æ Adding : RteFiles::Rte.Rte_Read_SWC_BMS_MainCntrl_R_FaultFlag_errOverIbp
344=[2026-01-29 11:05:14.688] 		¡æ Adding : RteFiles::Rte.Rte_Read_SWC_BMS_MainCntrl_R_FaultFlag_errUnderCellVmin
345=[2026-01-29 11:05:14.729] 		¡æ Adding : RteFiles::Rte.Rte_Read_SWC_BMS_MainCntrl_R_FaultFlag_warnChargeOverTemp
346=[2026-01-29 11:05:14.762] 		¡æ Adding : RteFiles::Rte.Rte_Read_SWC_BMS_MainCntrl_R_FaultFlag_warnChargeUnderTemp
347=[2026-01-29 11:05:14.948] 		¡æ Adding : RteFiles::Rte.Rte_Read_SWC_BMS_MainCntrl_R_FaultFlag_warnDischargeOverTemp
348=[2026-01-29 11:05:14.979] 		¡æ Adding : RteFiles::Rte.Rte_Read_SWC_BMS_MainCntrl_R_FaultFlag_warnDischargeUnderTemp
349=[2026-01-29 11:05:15.008] 		¡æ Adding : RteFiles::Rte.Rte_Read_SWC_BMS_MainCntrl_R_FaultFlag_warnOverCellVmax
350=[2026-01-29 11:05:15.041] 		¡æ Adding : RteFiles::Rte.Rte_Read_SWC_BMS_MainCntrl_R_FaultFlag_warnOverCharge
351=[2026-01-29 11:05:15.075] 		¡æ Adding : RteFiles::Rte.Rte_Read_SWC_BMS_MainCntrl_R_FaultFlag_warnOverChargeCurrent
352=[2026-01-29 11:05:15.113] 		¡æ Adding : RteFiles::Rte.Rte_Read_SWC_BMS_MainCntrl_R_FaultFlag_warnOverDisCharge
353=[2026-01-29 11:05:15.147] 		¡æ Adding : RteFiles::Rte.Rte_Read_SWC_BMS_MainCntrl_R_FaultFlag_warnOverDischargeCurrent
354=[2026-01-29 11:05:15.175] 		¡æ Adding : RteFiles::Rte.Rte_Read_SWC_BMS_MainCntrl_R_FaultFlag_warnOverIbp
355=[2026-01-29 11:05:15.208] 		¡æ Adding : RteFiles::Rte.Rte_Read_SWC_BMS_MainCntrl_R_FaultFlag_warnUnderCellVmin
356=[2026-01-29 11:05:15.237] 		¡æ Adding : RteFiles::Rte.Rte_Read_SWC_BMS_MainCntrl_R_SignalInput_chargeConnectedFlag
357=[2026-01-29 11:05:15.266] 		¡æ Adding : RteFiles::Rte.Rte_Read_SWC_BMS_MainCntrl_R_SignalInput_ignSignal
358=[2026-01-29 11:05:15.453] 		¡æ Adding : RteFiles::Rte.Rte_Read_SWC_BMS_MainCntrl_R_TempMeasData_cellTempAverage
359=[2026-01-29 11:05:15.491] 		¡æ Adding : RteFiles::Rte.Rte_Read_SWC_BMS_MainCntrl_R_TempMeasData_cellTempMax
360=[2026-01-29 11:05:15.517] 		¡æ Adding : RteFiles::Rte.Rte_Read_SWC_BMS_MainCntrl_R_TempMeasData_cellTempMin
361=[2026-01-29 11:05:15.548] 		¡æ Adding : RteFiles::Rte.Rte_Read_SWC_BMS_MainCntrl_R_VcuCanCmd_bmsActionCmd
362=[2026-01-29 11:05:15.580] 		¡æ Adding : RteFiles::Rte.Rte_Write_SWC_BMS_MainCntrl_P_BattStatusFlags_Tx_cellBalancingFlag
363=[2026-01-29 11:05:15.630] 		¡æ Adding : RteFiles::Rte.Rte_Write_SWC_BMS_MainCntrl_P_BattStatusFlags_Tx_currentFaultFlags
364=[2026-01-29 11:05:15.655] 		¡æ Adding : RteFiles::Rte.Rte_Write_SWC_BMS_MainCntrl_P_BattStatusFlags_Tx_ibpFaultFlags
365=[2026-01-29 11:05:15.694] 		¡æ Adding : RteFiles::Rte.Rte_Write_SWC_BMS_MainCntrl_P_BattStatusFlags_Tx_packIsolationFaultFlag
366=[2026-01-29 11:05:15.719] 		¡æ Adding : RteFiles::Rte.Rte_Write_SWC_BMS_MainCntrl_P_BattStatusFlags_Tx_tempFaultFlags
367=[2026-01-29 11:05:15.744] 		¡æ Adding : RteFiles::Rte.Rte_Write_SWC_BMS_MainCntrl_P_BattStatusFlags_Tx_voltageFaultFlags
368=[2026-01-29 11:05:15.785] 		¡æ Adding : RteFiles::Rte.Rte_Write_SWC_BMS_MainCntrl_P_ChgData_Tx_chargingStatus
369=[2026-01-29 11:05:15.982] 		¡æ Adding : RteFiles::Rte.Rte_Write_SWC_BMS_MainCntrl_P_ChgData_Tx_chgTargetCurrent
370=[2026-01-29 11:05:16.025] 		¡æ Adding : RteFiles::Rte.Rte_Write_SWC_BMS_MainCntrl_P_ChgData_Tx_chgTargetVoltage
371=[2026-01-29 11:05:16.063] 		¡æ Adding : RteFiles::Rte.Rte_Write_SWC_BMS_MainCntrl_P_HMI_SigOutput_battRalayEnableStatus
372=[2026-01-29 11:05:16.109] 		¡æ Adding : RteFiles::Rte.Rte_Write_SWC_BMS_MainCntrl_P_HMI_SigOutput_bmsFaultLevel
373=[2026-01-29 11:05:16.150] 		¡æ Adding : RteFiles::Rte.Rte_Write_SWC_BMS_MainCntrl_P_HMI_SigOutput_buzzerOutputFlag
374=[2026-01-29 11:05:16.198] 		¡æ Adding : RteFiles::Rte.Rte_Write_SWC_BMS_MainCntrl_P_HMI_SigOutput_chargingStatus
375=[2026-01-29 11:05:16.233] 		¡æ Adding : RteFiles::Rte.Rte_Write_SWC_BMS_MainCntrl_P_HMI_SigOutput_socGauge
376=[2026-01-29 11:05:16.270] 		¡æ Adding : RteFiles::Rte.Rte_Write_SWC_BMS_MainCntrl_P_PackCalculatedData_Tx_capacityLevel
377=[2026-01-29 11:05:16.306] 		¡æ Adding : RteFiles::Rte.Rte_Write_SWC_BMS_MainCntrl_P_PackCalculatedData_Tx_ibpLevel
378=[2026-01-29 11:05:16.564] 		¡æ Adding : RteFiles::Rte.Rte_Write_SWC_BMS_MainCntrl_P_PackCalculatedData_Tx_socLevel
379=[2026-01-29 11:05:16.597] 		¡æ Adding : RteFiles::Rte.Rte_Write_SWC_BMS_MainCntrl_P_PackCalculatedData_Tx_sohLevel
380=[2026-01-29 11:05:16.635] 		¡æ Adding : RteFiles::Rte.Rte_Write_SWC_BMS_MainCntrl_P_PackMeasData_Tx_bmsModeInfo
381=[2026-01-29 11:05:16.682] 		¡æ Adding : RteFiles::Rte.Rte_Write_SWC_BMS_MainCntrl_P_PackMeasData_Tx_cellTempAverage
382=[2026-01-29 11:05:16.718] 		¡æ Adding : RteFiles::Rte.Rte_Write_SWC_BMS_MainCntrl_P_PackMeasData_Tx_packCurrent
383=[2026-01-29 11:05:16.744] 		¡æ Adding : RteFiles::Rte.Rte_Write_SWC_BMS_MainCntrl_P_PackMeasData_Tx_packVoltageSum
384=[2026-01-29 11:05:16.776] 		¡æ Adding : StubFiles
385=[2026-01-29 11:05:16.800] 		¡æ Adding : SWC_BMS_MainCntrl_Src
386=[2026-01-29 11:05:17.238] 		¡æ Adding : SWC_BMS_MainCntrl_Src::BMS_MainCntrl_GlobalData::Rte_Type
387=[2026-01-29 11:05:17.429] 		¡æ Adding : SWC_BMS_MainCntrl_Src::BMS_MainCntrl_GlobalData::Input_Signal_Type
388=[2026-01-29 11:05:17.687] 		¡æ Adding : SWC_BMS_MainCntrl_Src::BMS_MainCntrl_GlobalData::Input_VcuCmd_Type
389=[2026-01-29 11:05:17.806] 		¡æ Adding : SWC_BMS_MainCntrl_Src::BMS_MainCntrl_GlobalData::Input_CellMeas_Type
390=[2026-01-29 11:05:17.963] 		¡æ Adding : SWC_BMS_MainCntrl_Src::BMS_MainCntrl_GlobalData::Input_CurrMeas_Type
391=[2026-01-29 11:05:18.030] 		¡æ Adding : SWC_BMS_MainCntrl_Src::BMS_MainCntrl_GlobalData::Input_TempMeas_Type
392=[2026-01-29 11:05:18.099] 		¡æ Adding : SWC_BMS_MainCntrl_Src::BMS_MainCntrl_GlobalData::Input_FaultFlag_Type
393=[2026-01-29 11:05:18.237] 		¡æ Adding : SWC_BMS_MainCntrl_Src::BMS_MainCntrl_GlobalData.g_Input_Signal
394=[2026-01-29 11:05:18.259] 		¡æ Adding : SWC_BMS_MainCntrl_Src::BMS_MainCntrl_GlobalData.g_Input_VcuCmd
395=[2026-01-29 11:05:18.280] 		¡æ Adding : SWC_BMS_MainCntrl_Src::BMS_MainCntrl_GlobalData.g_Input_CellMeas
396=[2026-01-29 11:05:18.301] 		¡æ Adding : SWC_BMS_MainCntrl_Src::BMS_MainCntrl_GlobalData.g_Input_CurrMeas
397=[2026-01-29 11:05:18.319] 		¡æ Adding : SWC_BMS_MainCntrl_Src::BMS_MainCntrl_GlobalData.g_Input_TempMeas
398=[2026-01-29 11:05:18.395] 		¡æ Adding : SWC_BMS_MainCntrl_Src::BMS_MainCntrl_GlobalData.g_Input_FaultFlag
399=[2026-01-29 11:05:18.452] 		¡æ Adding : SWC_BMS_MainCntrl_Src::Bms_StatusDetermine::Rte_Type
400=[2026-01-29 11:05:18.475] 		¡æ Adding : SWC_BMS_MainCntrl_Src::Bms_StatusDetermine::BMS_STATUS_DETERMINE_H
401=[2026-01-29 11:05:18.553] 		¡æ Adding : SWC_BMS_MainCntrl_Src::Bms_StatusDetermine.BMS_Input_ProcessAll
402=[2026-01-29 11:05:18.587] 		¡æ Adding : SWC_BMS_MainCntrl_Src::Bms_StatusDetermine.BMS_Input_ValidateSignals
403=[2026-01-29 11:05:18.611] 		¡æ Adding : SWC_BMS_MainCntrl_Src::Bms_StatusDetermine.BMS_Logic_MainSequence
404=[2026-01-29 11:05:18.649] 		¡æ Adding : SWC_BMS_MainCntrl_Src::Bms_StatusDetermine.BMS_Logic_CheckFaults
405=[2026-01-29 11:05:18.683] 		¡æ Adding : SWC_BMS_MainCntrl_Src::Bms_StatusDetermine.BMS_Logic_DecideOperationMode
406=[2026-01-29 11:05:18.721] 		¡æ Adding : SWC_BMS_MainCntrl_Src::Bms_StatusDetermine.BMS_Logic_ExecuteControl
407=[2026-01-29 11:05:18.751] 		¡æ Adding : SWC_BMS_MainCntrl_Src::Bms_StatusDetermine.BMS_Logic_UpdateOutputs
408=[2026-01-29 11:05:18.820] 		¡æ Adding : SWC_BMS_MainCntrl_Src::Bms_InputHandler::BMS_MainCntrl_GlobalData
409=[2026-01-29 11:05:18.898] 		¡æ Adding : SWC_BMS_MainCntrl_Src::Bms_InputHandler::Bms_StatusDetermine
410=[2026-01-29 11:05:19.028] 		¡æ Adding : SWC_BMS_MainCntrl_Src::Bms_InputHandler::Rte_SWC_BMS_MainCntrl
411=[2026-01-29 11:05:19.147] 		¡æ Adding : SWC_BMS_MainCntrl_Src::Bms_InputHandler.BMS_Input_ValidateSignals
412=[2026-01-29 11:05:19.179] 		¡æ Adding : SWC_BMS_MainCntrl_Src::Bms_InputHandler.BMS_Input_ProcessAll
413=[2026-01-29 11:05:19.239] 		¡æ Adding : SWC_BMS_MainCntrl_Src::Bms_StatusDetermine::BMS_MainCntrl_GlobalData
414=[2026-01-29 11:05:19.264] 		¡æ Adding : SWC_BMS_MainCntrl_Src::Bms_StatusDetermine::Bms_StatusDetermine
415=[2026-01-29 11:05:19.287] 		¡æ Adding : SWC_BMS_MainCntrl_Src::Bms_StatusDetermine::Rte_SWC_BMS_MainCntrl
416=[2026-01-29 11:05:19.310] 		¡æ Adding : SWC_BMS_MainCntrl_Src::Bms_StatusDetermine.BMS_Logic_MainSequence
417=[2026-01-29 11:05:19.346] 		¡æ Adding : SWC_BMS_MainCntrl_Src::Bms_StatusDetermine.BMS_Logic_CheckFaults
418=[2026-01-29 11:05:19.535] 		¡æ Adding : SWC_BMS_MainCntrl_Src::Bms_StatusDetermine.BMS_Logic_DecideOperationMode
419=[2026-01-29 11:05:19.563] 		¡æ Adding : SWC_BMS_MainCntrl_Src::Bms_StatusDetermine.BMS_Logic_ExecuteControl
420=[2026-01-29 11:05:19.586] 		¡æ Adding : SWC_BMS_MainCntrl_Src::Bms_StatusDetermine.BMS_Logic_UpdateOutputs
421=[2026-01-29 11:05:19.645] 		¡æ Adding : SWC_BMS_MainCntrl_Src::Rte_SWC_BMS_MainCntrl::Rte_SWC_BMS_MainCntrl
422=[2026-01-29 11:05:19.681] 		¡æ Adding : SWC_BMS_MainCntrl_Src::Rte_SWC_BMS_MainCntrl::BMS_MainCntrl_GlobalData
423=[2026-01-29 11:05:19.718] 		¡æ Adding : SWC_BMS_MainCntrl_Src::Rte_SWC_BMS_MainCntrl::Bms_StatusDetermine
424=[2026-01-29 11:05:19.746] 		¡æ Adding : SWC_BMS_MainCntrl_Src::Rte_SWC_BMS_MainCntrl.g_Input_Signal
425=[2026-01-29 11:05:19.770] 		¡æ Adding : SWC_BMS_MainCntrl_Src::Rte_SWC_BMS_MainCntrl.g_Input_VcuCmd
426=[2026-01-29 11:05:19.791] 		¡æ Adding : SWC_BMS_MainCntrl_Src::Rte_SWC_BMS_MainCntrl.g_Input_CellMeas
427=[2026-01-29 11:05:19.812] 		¡æ Adding : SWC_BMS_MainCntrl_Src::Rte_SWC_BMS_MainCntrl.g_Input_CurrMeas
428=[2026-01-29 11:05:19.838] 		¡æ Adding : SWC_BMS_MainCntrl_Src::Rte_SWC_BMS_MainCntrl.g_Input_TempMeas
429=[2026-01-29 11:05:19.869] 		¡æ Adding : SWC_BMS_MainCntrl_Src::Rte_SWC_BMS_MainCntrl.g_Input_FaultFlag
430=[2026-01-29 11:05:19.984] 		¡æ Adding : SWC_BMS_MainCntrl_Src::Rte_SWC_BMS_MainCntrl.g_BmsCurrentMode
431=[2026-01-29 11:05:20.005] 		¡æ Adding : SWC_BMS_MainCntrl_Src::Rte_SWC_BMS_MainCntrl.REtSWC_BMS_MainCntrl_BattStatusProcess_10ms
432=[2026-01-29 11:05:20.027] 		¡æ Adding : SWC_BMS_MainCntrl_Src::Rte_SWC_BMS_MainCntrl.REtSWC_BMS_MainCntrl_SoX_1000ms
433=[2026-01-29 11:05:20.058] 		¡æ Adding : SWC_BMS_MainCntrl_Src::Rte_SWC_BMS_MainCntrl.REtSWC_BMS_MainCntrl_PerfomCellBalancing_1000ms
434=[2026-01-29 11:05:20.099] 		¡æ Adding : SWC_BMS_MainCntrl_Src::Rte_SWC_BMS_MainCntrl.REtSWC_BMS_MainCntrl_ChargeSequence_100ms
435=[2026-01-29 11:05:20.134] 		¡æ Adding : SWC_BMS_MainCntrl_Src::Rte_SWC_BMS_MainCntrl.REtSWC_BMS_MainCntrl_HMI_Output_100ms
436=[2026-01-29 11:05:20.163] 		¡æ Adding : SWC_BMS_MainCntrl_Src::Rte_SWC_BMS_MainCntrl.REtSWC_BMS_MainCntrl_ReportBattInfoData_10ms
437=[Elapsed Time : 0 hours, 1 minutes, 37.7026188 seconds] ¡Ù¡Ù Reverse engineering has been completed. ¡Ù¡Ù
